<?xml version="1.0" ?>
<coverage branch-rate="0" branches-covered="0" branches-valid="0" complexity="0" line-rate="0.9567" lines-covered="243" lines-valid="254" timestamp="1646351110818" version="4.5.4">
	<!-- Generated by coverage.py: https://coverage.readthedocs.io -->
	<!-- Based on https://raw.githubusercontent.com/cobertura/web/master/htdocs/xml/coverage-04.dtd -->
	<sources>
		<source>/app/service</source>
	</sources>
	<packages>
		<package branch-rate="0" complexity="0" line-rate="0.9567" name=".">
			<classes>
				<class branch-rate="0" complexity="0" filename="__init__.py" line-rate="0.8462" name="__init__.py">
					<methods/>
					<lines>
						<line hits="1" number="15"/>
						<line hits="1" number="21"/>
						<line hits="1" number="22"/>
						<line hits="1" number="23"/>
						<line hits="1" number="26"/>
						<line hits="1" number="27"/>
						<line hits="1" number="30"/>
						<line hits="1" number="33"/>
						<line hits="1" number="34"/>
						<line hits="1" number="35"/>
						<line hits="1" number="36"/>
						<line hits="1" number="37"/>
						<line hits="1" number="38"/>
						<line hits="1" number="40"/>
						<line hits="1" number="43"/>
						<line hits="0" number="44"/>
						<line hits="1" number="45"/>
						<line hits="1" number="47"/>
						<line hits="1" number="48"/>
						<line hits="1" number="49"/>
						<line hits="1" number="51"/>
						<line hits="1" number="52"/>
						<line hits="0" number="53"/>
						<line hits="0" number="54"/>
						<line hits="0" number="56"/>
						<line hits="1" number="58"/>
					</lines>
				</class>
				<class branch-rate="0" complexity="0" filename="error_handlers.py" line-rate="1" name="error_handlers.py">
					<methods/>
					<lines>
						<line hits="1" number="14"/>
						<line hits="1" number="17"/>
						<line hits="1" number="18"/>
						<line hits="1" number="19"/>
						<line hits="1" number="24"/>
						<line hits="1" number="25"/>
						<line hits="1" number="27"/>
						<line hits="1" number="30"/>
						<line hits="1" number="31"/>
						<line hits="1" number="33"/>
						<line hits="1" number="34"/>
						<line hits="1" number="35"/>
						<line hits="1" number="43"/>
						<line hits="1" number="44"/>
						<line hits="1" number="46"/>
						<line hits="1" number="47"/>
						<line hits="1" number="48"/>
						<line hits="1" number="69"/>
						<line hits="1" number="70"/>
						<line hits="1" number="72"/>
						<line hits="1" number="73"/>
						<line hits="1" number="74"/>
					</lines>
				</class>
				<class branch-rate="0" complexity="0" filename="models.py" line-rate="0.9451" name="models.py">
					<methods/>
					<lines>
						<line hits="1" number="15"/>
						<line hits="1" number="31"/>
						<line hits="1" number="32"/>
						<line hits="1" number="33"/>
						<line hits="1" number="34"/>
						<line hits="1" number="35"/>
						<line hits="1" number="37"/>
						<line hits="1" number="40"/>
						<line hits="1" number="43"/>
						<line hits="1" number="45"/>
						<line hits="1" number="48"/>
						<line hits="1" number="51"/>
						<line hits="1" number="54"/>
						<line hits="1" number="57"/>
						<line hits="1" number="58"/>
						<line hits="1" number="59"/>
						<line hits="1" number="62"/>
						<line hits="1" number="73"/>
						<line hits="1" number="74"/>
						<line hits="1" number="75"/>
						<line hits="1" number="76"/>
						<line hits="1" number="77"/>
						<line hits="1" number="88"/>
						<line hits="1" number="92"/>
						<line hits="1" number="93"/>
						<line hits="1" number="94"/>
						<line hits="1" number="95"/>
						<line hits="1" number="97"/>
						<line hits="1" number="101"/>
						<line hits="1" number="102"/>
						<line hits="0" number="103"/>
						<line hits="1" number="104"/>
						<line hits="1" number="106"/>
						<line hits="1" number="108"/>
						<line hits="1" number="109"/>
						<line hits="1" number="110"/>
						<line hits="1" number="112"/>
						<line hits="1" number="114"/>
						<line hits="1" number="122"/>
						<line hits="1" number="128"/>
						<line hits="1" number="129"/>
						<line hits="1" number="130"/>
						<line hits="1" number="131"/>
						<line hits="1" number="132"/>
						<line hits="1" number="134"/>
						<line hits="1" number="138"/>
						<line hits="1" number="139"/>
						<line hits="1" number="140"/>
						<line hits="1" number="141"/>
						<line hits="1" number="142"/>
						<line hits="1" number="143"/>
						<line hits="1" number="144"/>
						<line hits="1" number="147"/>
						<line hits="1" number="153"/>
						<line hits="1" number="154"/>
						<line hits="1" number="161"/>
						<line hits="1" number="163"/>
						<line hits="1" number="164"/>
						<line hits="1" number="165"/>
						<line hits="1" number="167"/>
						<line hits="1" number="168"/>
						<line hits="1" number="170"/>
						<line hits="1" number="171"/>
						<line hits="1" number="173"/>
						<line hits="1" number="174"/>
						<line hits="1" number="184"/>
						<line hits="1" number="185"/>
						<line hits="1" number="187"/>
						<line hits="1" number="188"/>
						<line hits="1" number="198"/>
						<line hits="1" number="199"/>
						<line hits="1" number="201"/>
						<line hits="1" number="202"/>
						<line hits="1" number="212"/>
						<line hits="1" number="213"/>
						<line hits="1" number="215"/>
						<line hits="1" number="216"/>
						<line hits="0" number="226"/>
						<line hits="0" number="227"/>
						<line hits="1" number="231"/>
						<line hits="1" number="232"/>
						<line hits="1" number="242"/>
						<line hits="1" number="243"/>
						<line hits="1" number="245"/>
						<line hits="1" number="246"/>
						<line hits="1" number="256"/>
						<line hits="1" number="257"/>
						<line hits="1" number="259"/>
						<line hits="1" number="260"/>
						<line hits="0" number="270"/>
						<line hits="0" number="271"/>
					</lines>
				</class>
				<class branch-rate="0" complexity="0" filename="routes.py" line-rate="0.971" name="routes.py">
					<methods/>
					<lines>
						<line hits="1" number="15"/>
						<line hits="1" number="27"/>
						<line hits="1" number="28"/>
						<line hits="1" number="29"/>
						<line hits="1" number="30"/>
						<line hits="1" number="33"/>
						<line hits="1" number="38"/>
						<line hits="1" number="39"/>
						<line hits="1" number="41"/>
						<line hits="1" number="42"/>
						<line hits="1" number="55"/>
						<line hits="1" number="56"/>
						<line hits="1" number="58"/>
						<line hits="1" number="59"/>
						<line hits="1" number="60"/>
						<line hits="1" number="61"/>
						<line hits="1" number="62"/>
						<line hits="1" number="63"/>
						<line hits="1" number="64"/>
						<line hits="0" number="65"/>
						<line hits="1" number="67"/>
						<line hits="1" number="69"/>
						<line hits="1" number="70"/>
						<line hits="1" number="71"/>
						<line hits="1" number="77"/>
						<line hits="1" number="78"/>
						<line hits="1" number="84"/>
						<line hits="1" number="85"/>
						<line hits="1" number="86"/>
						<line hits="1" number="87"/>
						<line hits="1" number="89"/>
						<line hits="1" number="90"/>
						<line hits="1" number="96"/>
						<line hits="1" number="97"/>
						<line hits="1" number="102"/>
						<line hits="1" number="103"/>
						<line hits="1" number="104"/>
						<line hits="1" number="105"/>
						<line hits="1" number="106"/>
						<line hits="1" number="107"/>
						<line hits="1" number="108"/>
						<line hits="1" number="110"/>
						<line hits="1" number="111"/>
						<line hits="1" number="119"/>
						<line hits="1" number="120"/>
						<line hits="1" number="126"/>
						<line hits="1" number="127"/>
						<line hits="1" number="128"/>
						<line hits="1" number="129"/>
						<line hits="0" number="130"/>
						<line hits="1" number="131"/>
						<line hits="1" number="132"/>
						<line hits="1" number="133"/>
						<line hits="1" number="135"/>
						<line hits="1" number="136"/>
						<line hits="1" number="142"/>
						<line hits="1" number="143"/>
						<line hits="1" number="149"/>
						<line hits="1" number="150"/>
						<line hits="1" number="151"/>
						<line hits="1" number="152"/>
						<line hits="1" number="154"/>
						<line hits="1" number="155"/>
						<line hits="1" number="163"/>
						<line hits="1" number="165"/>
						<line hits="1" number="166"/>
						<line hits="1" number="167"/>
						<line hits="1" number="168"/>
						<line hits="1" number="169"/>
					</lines>
				</class>
				<class branch-rate="0" complexity="0" filename="status.py" line-rate="1" name="status.py">
					<methods/>
					<lines>
						<line hits="1" number="15"/>
						<line hits="1" number="23"/>
						<line hits="1" number="24"/>
						<line hits="1" number="27"/>
						<line hits="1" number="28"/>
						<line hits="1" number="29"/>
						<line hits="1" number="30"/>
						<line hits="1" number="31"/>
						<line hits="1" number="32"/>
						<line hits="1" number="33"/>
						<line hits="1" number="36"/>
						<line hits="1" number="37"/>
						<line hits="1" number="38"/>
						<line hits="1" number="39"/>
						<line hits="1" number="40"/>
						<line hits="1" number="41"/>
						<line hits="1" number="42"/>
						<line hits="1" number="43"/>
						<line hits="1" number="46"/>
						<line hits="1" number="47"/>
						<line hits="1" number="48"/>
						<line hits="1" number="49"/>
						<line hits="1" number="50"/>
						<line hits="1" number="51"/>
						<line hits="1" number="52"/>
						<line hits="1" number="53"/>
						<line hits="1" number="54"/>
						<line hits="1" number="55"/>
						<line hits="1" number="56"/>
						<line hits="1" number="57"/>
						<line hits="1" number="58"/>
						<line hits="1" number="59"/>
						<line hits="1" number="60"/>
						<line hits="1" number="61"/>
						<line hits="1" number="62"/>
						<line hits="1" number="63"/>
						<line hits="1" number="64"/>
						<line hits="1" number="65"/>
						<line hits="1" number="66"/>
						<line hits="1" number="69"/>
						<line hits="1" number="70"/>
						<line hits="1" number="71"/>
						<line hits="1" number="72"/>
						<line hits="1" number="73"/>
						<line hits="1" number="74"/>
						<line hits="1" number="75"/>
					</lines>
				</class>
			</classes>
		</package>
	</packages>
</coverage>
